[2026-03-09 21:54:16] production.DEBUG: Service worker registration succeeded: {"url":"https://kalfa.me/system/accounts/1","user_agent":"Mozilla/5.0 (Macintosh; Intel Mac OS X 10_15_7) AppleWebKit/537.36 (KHTML, like Gecko) Chrome/145.0.0.0 Safari/537.36","timestamp":"2026-03-09T21:54:16.027Z"} 
[2026-03-09 21:54:23] production.DEBUG: Service worker registration succeeded: {"url":"https://kalfa.me/system/accounts/1","user_agent":"Mozilla/5.0 (Macintosh; Intel Mac OS X 10_15_7) AppleWebKit/537.36 (KHTML, like Gecko) Chrome/145.0.0.0 Safari/537.36","timestamp":"2026-03-09T21:54:23.169Z"} 
[2026-03-09 23:58:27] production.DEBUG: Service worker registration succeeded: {"url":"https://kalfa.me/system/accounts/1","user_agent":"Mozilla/5.0 (Macintosh; Intel Mac OS X 10_15_7) AppleWebKit/537.36 (KHTML, like Gecko) Chrome/145.0.0.0 Safari/537.36","timestamp":"2026-03-09T21:58:27.229Z"} 
[2026-03-10 00:02:37] production.DEBUG: Service worker registration succeeded: {"url":"https://kalfa.me/system/accounts/1","user_agent":"Mozilla/5.0 (Macintosh; Intel Mac OS X 10_15_7) AppleWebKit/537.36 (KHTML, like Gecko) Chrome/145.0.0.0 Safari/537.36","timestamp":"2026-03-09T22:02:36.528Z"} 
[2026-03-10 00:31:36] production.DEBUG: Service worker registration succeeded: {"url":"https://kalfa.me/system/accounts/1","user_agent":"Mozilla/5.0 (Macintosh; Intel Mac OS X 10_15_7) AppleWebKit/537.36 (KHTML, like Gecko) Chrome/145.0.0.0 Safari/537.36","timestamp":"2026-03-09T22:31:35.479Z"} 
[2026-03-10 02:28:41] production.ERROR: Uncaught SyntaxError: Identifier 'CACHE_NAME' has already been declared https://kalfa.me/sw.js 1 1 SyntaxError Identifier 'CACHE_NAME' has already been declared SyntaxError: Identifier 'CACHE_NAME' has already been declared {"url":"https://kalfa.me/system/products","user_agent":"Mozilla/5.0 (Macintosh; Intel Mac OS X 10_15_7) AppleWebKit/537.36 (KHTML, like Gecko) Chrome/145.0.0.0 Safari/537.36","timestamp":"2026-03-10T00:28:40.491Z"} 
[2026-03-10 02:28:41] production.ERROR: Uncaught SyntaxError: Identifier 'CACHE_NAME' has already been declared https://kalfa.me/sw.js 1 1 SyntaxError Identifier 'CACHE_NAME' has already been declared SyntaxError: Identifier 'CACHE_NAME' has already been declared {"url":"https://kalfa.me/system/products","user_agent":"Mozilla/5.0 (Macintosh; Intel Mac OS X 10_15_7) AppleWebKit/537.36 (KHTML, like Gecko) Chrome/145.0.0.0 Safari/537.36","timestamp":"2026-03-10T00:28:40.491Z"} 
[2026-03-10 02:28:41] production.DEBUG: Service worker registration succeeded: {"url":"https://kalfa.me/system/products","user_agent":"Mozilla/5.0 (Macintosh; Intel Mac OS X 10_15_7) AppleWebKit/537.36 (KHTML, like Gecko) Chrome/145.0.0.0 Safari/537.36","timestamp":"2026-03-10T00:28:40.492Z"} 
[2026-03-10 02:59:37] production.DEBUG: Service worker registration succeeded: {"url":"https://kalfa.me/system/products/1","user_agent":"Mozilla/5.0 (Macintosh; Intel Mac OS X 10_15_7) AppleWebKit/537.36 (KHTML, like Gecko) Chrome/145.0.0.0 Safari/537.36","timestamp":"2026-03-10T00:59:36.138Z"} 
[2026-03-10 03:02:57] production.DEBUG: Service worker registration succeeded: {"url":"https://kalfa.me/system/products/1","user_agent":"Mozilla/5.0 (Macintosh; Intel Mac OS X 10_15_7) AppleWebKit/537.36 (KHTML, like Gecko) Chrome/145.0.0.0 Safari/537.36","timestamp":"2026-03-10T01:02:56.272Z"} 
[2026-03-10 03:33:23] production.DEBUG: Service worker registration succeeded: {"url":"https://kalfa.me/system/products/1","user_agent":"Mozilla/5.0 (Macintosh; Intel Mac OS X 10_15_7) AppleWebKit/537.36 (KHTML, like Gecko) Chrome/145.0.0.0 Safari/537.36","timestamp":"2026-03-10T01:33:22.595Z"} 
[2026-03-10 03:45:08] production.DEBUG: Service worker registration succeeded: {"url":"https://kalfa.me/system/products/1","user_agent":"Mozilla/5.0 (Macintosh; Intel Mac OS X 10_15_7) AppleWebKit/537.36 (KHTML, like Gecko) Chrome/145.0.0.0 Safari/537.36","timestamp":"2026-03-10T01:45:07.434Z"} 
[2026-03-10 03:45:57] production.DEBUG: Service worker registration succeeded: {"url":"https://kalfa.me/system/products/1","user_agent":"Mozilla/5.0 (Macintosh; Intel Mac OS X 10_15_7) AppleWebKit/537.36 (KHTML, like Gecko) Chrome/145.0.0.0 Safari/537.36","timestamp":"2026-03-10T01:45:56.114Z"} 
[2026-03-10 03:48:51] production.DEBUG: Service worker registration succeeded: {"url":"https://kalfa.me/system/products/1","user_agent":"Mozilla/5.0 (Macintosh; Intel Mac OS X 10_15_7) AppleWebKit/537.36 (KHTML, like Gecko) Chrome/145.0.0.0 Safari/537.36","timestamp":"2026-03-10T01:48:49.723Z"} 
[2026-03-10 03:50:28] production.DEBUG: Service worker registration succeeded: {"url":"https://kalfa.me/system/products/1","user_agent":"Mozilla/5.0 (Macintosh; Intel Mac OS X 10_15_7) AppleWebKit/537.36 (KHTML, like Gecko) Chrome/145.0.0.0 Safari/537.36","timestamp":"2026-03-10T01:50:26.993Z"} 
[2026-03-10 03:54:31] production.DEBUG: Service worker registration succeeded: {"url":"https://kalfa.me/system/products/1","user_agent":"Mozilla/5.0 (Macintosh; Intel Mac OS X 10_15_7) AppleWebKit/537.36 (KHTML, like Gecko) Chrome/145.0.0.0 Safari/537.36","timestamp":"2026-03-10T01:54:29.981Z"} 
[2026-03-10 03:55:57] production.DEBUG: Service worker registration succeeded: {"url":"https://kalfa.me/system/products/1","user_agent":"Mozilla/5.0 (Macintosh; Intel Mac OS X 10_15_7) AppleWebKit/537.36 (KHTML, like Gecko) Chrome/145.0.0.0 Safari/537.36","timestamp":"2026-03-10T01:55:55.892Z"} 
[2026-03-10 03:56:36] production.DEBUG: Service worker registration succeeded: {"url":"https://kalfa.me/system/products/1","user_agent":"Mozilla/5.0 (Macintosh; Intel Mac OS X 10_15_7) AppleWebKit/537.36 (KHTML, like Gecko) Chrome/145.0.0.0 Safari/537.36","timestamp":"2026-03-10T01:56:35.054Z"} 
[2026-03-10 04:01:03] production.DEBUG: Service worker registration succeeded: {"url":"https://kalfa.me/system/products/1","user_agent":"Mozilla/5.0 (Macintosh; Intel Mac OS X 10_15_7) AppleWebKit/537.36 (KHTML, like Gecko) Chrome/145.0.0.0 Safari/537.36","timestamp":"2026-03-10T02:01:01.861Z"} 
[2026-03-10 04:29:43] production.DEBUG: Service worker registration succeeded: {"url":"https://kalfa.me/system/users","user_agent":"Mozilla/5.0 (iPhone; CPU iPhone OS 26_2_0 like Mac OS X) AppleWebKit/605.1.15 (KHTML, like Gecko) CriOS/145.0.7632.108 Mobile/15E148 Safari/604.1","timestamp":"2026-03-10T02:29:42.463Z"} 
[2026-03-10 04:29:52] production.DEBUG: Service worker registration succeeded: {"url":"https://kalfa.me/system/products","user_agent":"Mozilla/5.0 (iPhone; CPU iPhone OS 26_2_0 like Mac OS X) AppleWebKit/605.1.15 (KHTML, like Gecko) CriOS/145.0.7632.108 Mobile/15E148 Safari/604.1","timestamp":"2026-03-10T02:29:51.631Z"} 
[2026-03-10 04:30:14] production.DEBUG: Service worker registration succeeded: {"url":"https://kalfa.me/system/products/1","user_agent":"Mozilla/5.0 (iPhone; CPU iPhone OS 26_2_0 like Mac OS X) AppleWebKit/605.1.15 (KHTML, like Gecko) CriOS/145.0.7632.108 Mobile/15E148 Safari/604.1","timestamp":"2026-03-10T02:30:13.102Z"} 
[2026-03-10 04:31:40] production.DEBUG: Service worker registration succeeded: {"url":"https://kalfa.me/system/products/1","user_agent":"Mozilla/5.0 (iPhone; CPU iPhone OS 26_2_0 like Mac OS X) AppleWebKit/605.1.15 (KHTML, like Gecko) CriOS/145.0.7632.108 Mobile/15E148 Safari/604.1","timestamp":"2026-03-10T02:31:39.226Z"} 
[2026-03-10 04:42:44] production.DEBUG: Service worker registration succeeded: {"url":"https://kalfa.me/system/products","user_agent":"Mozilla/5.0 (iPhone; CPU iPhone OS 26_2_0 like Mac OS X) AppleWebKit/605.1.15 (KHTML, like Gecko) CriOS/145.0.7632.108 Mobile/15E148 Safari/604.1","timestamp":"2026-03-10T02:42:43.684Z"} 
[2026-03-10 04:42:54] production.DEBUG: Service worker registration succeeded: {"url":"https://kalfa.me/system/products/1","user_agent":"Mozilla/5.0 (iPhone; CPU iPhone OS 26_2_0 like Mac OS X) AppleWebKit/605.1.15 (KHTML, like Gecko) CriOS/145.0.7632.108 Mobile/15E148 Safari/604.1","timestamp":"2026-03-10T02:42:53.520Z"} 
[2026-03-10 04:42:57] production.DEBUG: Service worker registration succeeded: {"url":"https://kalfa.me/system/products","user_agent":"Mozilla/5.0 (iPhone; CPU iPhone OS 26_2_0 like Mac OS X) AppleWebKit/605.1.15 (KHTML, like Gecko) CriOS/145.0.7632.108 Mobile/15E148 Safari/604.1","timestamp":"2026-03-10T02:42:56.474Z"} 
[2026-03-10 04:43:00] production.DEBUG: Service worker registration succeeded: {"url":"https://kalfa.me/system/products/1","user_agent":"Mozilla/5.0 (iPhone; CPU iPhone OS 26_2_0 like Mac OS X) AppleWebKit/605.1.15 (KHTML, like Gecko) CriOS/145.0.7632.108 Mobile/15E148 Safari/604.1","timestamp":"2026-03-10T02:42:59.561Z"} 
[2026-03-10 05:44:56] production.DEBUG: Service worker registration succeeded: {"url":"https://kalfa.me/twilio/calling","user_agent":"Mozilla/5.0 (iPhone; CPU iPhone OS 18_7 like Mac OS X) AppleWebKit/605.1.15 (KHTML, like Gecko) Version/26.2 Mobile/15E148 Safari/604.1","timestamp":"2026-03-10T03:44:54.848Z"} 
[2026-03-10 05:44:56] production.ERROR: You must pass your app key when you instantiate Pusher. https://kalfa.me/build/assets/app-BPuuJ13L.js 26 17638  {"url":"https://kalfa.me/twilio/calling","user_agent":"Mozilla/5.0 (iPhone; CPU iPhone OS 18_7 like Mac OS X) AppleWebKit/605.1.15 (KHTML, like Gecko) Version/26.2 Mobile/15E148 Safari/604.1","timestamp":"2026-03-10T03:44:54.867Z"} 
[2026-03-10 05:44:56] production.ERROR: You must pass your app key when you instantiate Pusher. https://kalfa.me/build/assets/app-BPuuJ13L.js 26 17638  {"url":"https://kalfa.me/twilio/calling","user_agent":"Mozilla/5.0 (iPhone; CPU iPhone OS 18_7 like Mac OS X) AppleWebKit/605.1.15 (KHTML, like Gecko) Version/26.2 Mobile/15E148 Safari/604.1","timestamp":"2026-03-10T03:44:54.867Z"} 
[2026-03-10 05:46:19] production.DEBUG: Service worker registration succeeded: {"url":"https://kalfa.me/twilio/calling","user_agent":"Mozilla/5.0 (iPhone; CPU iPhone OS 18_7 like Mac OS X) AppleWebKit/605.1.15 (KHTML, like Gecko) Version/26.2 Mobile/15E148 Safari/604.1","timestamp":"2026-03-10T03:46:18.327Z"} 
[2026-03-10 05:46:27] production.ERROR: [Eruda] Please call "eruda.init()" first {"url":"https://kalfa.me/twilio/calling","user_agent":"Mozilla/5.0 (iPhone; CPU iPhone OS 18_7 like Mac OS X) AppleWebKit/605.1.15 (KHTML, like Gecko) Version/26.2 Mobile/15E148 Safari/604.1","timestamp":"2026-03-10T03:46:26.024Z"} 
[2026-03-10 05:46:27] production.ERROR: Script error. null 0 0 null {"url":"https://kalfa.me/twilio/calling","user_agent":"Mozilla/5.0 (iPhone; CPU iPhone OS 18_7 like Mac OS X) AppleWebKit/605.1.15 (KHTML, like Gecko) Version/26.2 Mobile/15E148 Safari/604.1","timestamp":"2026-03-10T03:46:26.024Z"} 
[2026-03-10 05:46:27] production.ERROR: [Eruda] Please call "eruda.init()" first {"url":"https://kalfa.me/twilio/calling","user_agent":"Mozilla/5.0 (iPhone; CPU iPhone OS 18_7 like Mac OS X) AppleWebKit/605.1.15 (KHTML, like Gecko) Version/26.2 Mobile/15E148 Safari/604.1","timestamp":"2026-03-10T03:46:26.025Z"} 
[2026-03-10 05:46:27] production.ERROR: Script error. null 0 0 null {"url":"https://kalfa.me/twilio/calling","user_agent":"Mozilla/5.0 (iPhone; CPU iPhone OS 18_7 like Mac OS X) AppleWebKit/605.1.15 (KHTML, like Gecko) Version/26.2 Mobile/15E148 Safari/604.1","timestamp":"2026-03-10T03:46:26.025Z"} 
[2026-03-10 05:46:27] production.ERROR: [Eruda] Please call "eruda.init()" first {"url":"https://kalfa.me/twilio/calling","user_agent":"Mozilla/5.0 (iPhone; CPU iPhone OS 18_7 like Mac OS X) AppleWebKit/605.1.15 (KHTML, like Gecko) Version/26.2 Mobile/15E148 Safari/604.1","timestamp":"2026-03-10T03:46:26.025Z"} 
[2026-03-10 05:46:27] production.ERROR: [Eruda] Please call "eruda.init()" first {"url":"https://kalfa.me/twilio/calling","user_agent":"Mozilla/5.0 (iPhone; CPU iPhone OS 18_7 like Mac OS X) AppleWebKit/605.1.15 (KHTML, like Gecko) Version/26.2 Mobile/15E148 Safari/604.1","timestamp":"2026-03-10T03:46:26.025Z"} 
[2026-03-10 05:46:27] production.ERROR: Script error. null 0 0 null {"url":"https://kalfa.me/twilio/calling","user_agent":"Mozilla/5.0 (iPhone; CPU iPhone OS 18_7 like Mac OS X) AppleWebKit/605.1.15 (KHTML, like Gecko) Version/26.2 Mobile/15E148 Safari/604.1","timestamp":"2026-03-10T03:46:26.025Z"} 
[2026-03-10 05:46:27] production.ERROR: Script error. null 0 0 null {"url":"https://kalfa.me/twilio/calling","user_agent":"Mozilla/5.0 (iPhone; CPU iPhone OS 18_7 like Mac OS X) AppleWebKit/605.1.15 (KHTML, like Gecko) Version/26.2 Mobile/15E148 Safari/604.1","timestamp":"2026-03-10T03:46:26.025Z"} 
[2026-03-10 05:46:27] production.ERROR: [Eruda] Please call "eruda.init()" first {"url":"https://kalfa.me/twilio/calling","user_agent":"Mozilla/5.0 (iPhone; CPU iPhone OS 18_7 like Mac OS X) AppleWebKit/605.1.15 (KHTML, like Gecko) Version/26.2 Mobile/15E148 Safari/604.1","timestamp":"2026-03-10T03:46:26.026Z"} 
[2026-03-10 05:46:27] production.ERROR: [Eruda] Please call "eruda.init()" first {"url":"https://kalfa.me/twilio/calling","user_agent":"Mozilla/5.0 (iPhone; CPU iPhone OS 18_7 like Mac OS X) AppleWebKit/605.1.15 (KHTML, like Gecko) Version/26.2 Mobile/15E148 Safari/604.1","timestamp":"2026-03-10T03:46:26.026Z"} 
[2026-03-10 05:46:27] production.ERROR: Script error. null 0 0 null {"url":"https://kalfa.me/twilio/calling","user_agent":"Mozilla/5.0 (iPhone; CPU iPhone OS 18_7 like Mac OS X) AppleWebKit/605.1.15 (KHTML, like Gecko) Version/26.2 Mobile/15E148 Safari/604.1","timestamp":"2026-03-10T03:46:26.026Z"} 
[2026-03-10 05:46:27] production.ERROR: Script error. null 0 0 null {"url":"https://kalfa.me/twilio/calling","user_agent":"Mozilla/5.0 (iPhone; CPU iPhone OS 18_7 like Mac OS X) AppleWebKit/605.1.15 (KHTML, like Gecko) Version/26.2 Mobile/15E148 Safari/604.1","timestamp":"2026-03-10T03:46:26.026Z"} 
[2026-03-10 05:46:27] production.ERROR: [Eruda] Please call "eruda.init()" first {"url":"https://kalfa.me/twilio/calling","user_agent":"Mozilla/5.0 (iPhone; CPU iPhone OS 18_7 like Mac OS X) AppleWebKit/605.1.15 (KHTML, like Gecko) Version/26.2 Mobile/15E148 Safari/604.1","timestamp":"2026-03-10T03:46:26.026Z"} 
[2026-03-10 05:46:27] production.ERROR: Script error. null 0 0 null {"url":"https://kalfa.me/twilio/calling","user_agent":"Mozilla/5.0 (iPhone; CPU iPhone OS 18_7 like Mac OS X) AppleWebKit/605.1.15 (KHTML, like Gecko) Version/26.2 Mobile/15E148 Safari/604.1","timestamp":"2026-03-10T03:46:26.026Z"} 
[2026-03-10 05:46:27] production.ERROR: [Eruda] Please call "eruda.init()" first {"url":"https://kalfa.me/twilio/calling","user_agent":"Mozilla/5.0 (iPhone; CPU iPhone OS 18_7 like Mac OS X) AppleWebKit/605.1.15 (KHTML, like Gecko) Version/26.2 Mobile/15E148 Safari/604.1","timestamp":"2026-03-10T03:46:26.026Z"} 
[2026-03-10 05:46:27] production.ERROR: Script error. null 0 0 null {"url":"https://kalfa.me/twilio/calling","user_agent":"Mozilla/5.0 (iPhone; CPU iPhone OS 18_7 like Mac OS X) AppleWebKit/605.1.15 (KHTML, like Gecko) Version/26.2 Mobile/15E148 Safari/604.1","timestamp":"2026-03-10T03:46:26.026Z"} 
[2026-03-10 06:37:59] production.DEBUG: Service worker registration succeeded: {"url":"https://kalfa.me/dashboard","user_agent":"Mozilla/5.0 (iPhone; CPU iPhone OS 26_2_0 like Mac OS X) AppleWebKit/605.1.15 (KHTML, like Gecko) CriOS/145.0.7632.108 Mobile/15E148 Safari/604.1","timestamp":"2026-03-10T04:37:58.071Z"} 
[2026-03-10 06:38:07] production.DEBUG: Service worker registration succeeded: {"url":"https://kalfa.me/system/products","user_agent":"Mozilla/5.0 (iPhone; CPU iPhone OS 26_2_0 like Mac OS X) AppleWebKit/605.1.15 (KHTML, like Gecko) CriOS/145.0.7632.108 Mobile/15E148 Safari/604.1","timestamp":"2026-03-10T04:38:06.948Z"} 
[2026-03-10 06:38:43] production.DEBUG: Service worker registration succeeded: {"url":"https://kalfa.me/system/products/1","user_agent":"Mozilla/5.0 (iPhone; CPU iPhone OS 26_2_0 like Mac OS X) AppleWebKit/605.1.15 (KHTML, like Gecko) CriOS/145.0.7632.108 Mobile/15E148 Safari/604.1","timestamp":"2026-03-10T04:38:42.052Z"} 
[2026-03-10 06:39:29] production.DEBUG: Service worker registration succeeded: {"url":"https://kalfa.me/system/products/1","user_agent":"Mozilla/5.0 (iPhone; CPU iPhone OS 26_2_0 like Mac OS X) AppleWebKit/605.1.15 (KHTML, like Gecko) CriOS/145.0.7632.108 Mobile/15E148 Safari/604.1","timestamp":"2026-03-10T04:39:28.430Z"} 
[2026-03-10 08:29:04] production.DEBUG: Service worker registration succeeded: {"url":"https://kalfa.me/system/accounts/1","user_agent":"Mozilla/5.0 (iPhone; CPU iPhone OS 26_2_0 like Mac OS X) AppleWebKit/605.1.15 (KHTML, like Gecko) CriOS/145.0.7632.108 Mobile/15E148 Safari/604.1","timestamp":"2026-03-10T06:29:03.618Z"} 
[2026-03-10 08:33:35] production.DEBUG: Service worker registration succeeded: {"url":"https://kalfa.me/system/products","user_agent":"Mozilla/5.0 (iPhone; CPU iPhone OS 26_2_0 like Mac OS X) AppleWebKit/605.1.15 (KHTML, like Gecko) CriOS/145.0.7632.108 Mobile/15E148 Safari/604.1","timestamp":"2026-03-10T06:33:35.141Z"} 
[2026-03-10 08:43:07] production.DEBUG: Service worker registration succeeded: {"url":"https://kalfa.me/system/products","user_agent":"Mozilla/5.0 (iPhone; CPU iPhone OS 26_2_0 like Mac OS X) AppleWebKit/605.1.15 (KHTML, like Gecko) CriOS/145.0.7632.108 Mobile/15E148 Safari/604.1","timestamp":"2026-03-10T06:43:06.382Z"} 
[2026-03-10 08:43:17] production.DEBUG: Service worker registration succeeded: {"url":"https://kalfa.me/system/products/1","user_agent":"Mozilla/5.0 (iPhone; CPU iPhone OS 26_2_0 like Mac OS X) AppleWebKit/605.1.15 (KHTML, like Gecko) CriOS/145.0.7632.108 Mobile/15E148 Safari/604.1","timestamp":"2026-03-10T06:43:16.985Z"} 
[2026-03-10 09:20:48] production.DEBUG: Service worker registration succeeded: {"url":"https://kalfa.me/system/products","user_agent":"Mozilla/5.0 (Windows NT 10.0; Win64; x64) AppleWebKit/537.36 (KHTML, like Gecko) Chrome/145.0.0.0 Safari/537.36","timestamp":"2026-03-10T07:20:47.665Z"} 
[2026-03-10 09:20:55] production.DEBUG: Service worker registration succeeded: {"url":"https://kalfa.me/system/products/1","user_agent":"Mozilla/5.0 (Windows NT 10.0; Win64; x64) AppleWebKit/537.36 (KHTML, like Gecko) Chrome/145.0.0.0 Safari/537.36","timestamp":"2026-03-10T07:20:54.499Z"} 
[2026-03-10 15:38:57] production.DEBUG: Service worker registration succeeded: {"url":"https://kalfa.me/system/accounts/1","user_agent":"Mozilla/5.0 (iPhone; CPU iPhone OS 26_2_0 like Mac OS X) AppleWebKit/605.1.15 (KHTML, like Gecko) CriOS/145.0.7632.108 Mobile/15E148 Safari/604.1","timestamp":"2026-03-10T13:38:56.401Z"} 
[2026-03-10 15:39:02] production.DEBUG: Service worker registration succeeded: {"url":"https://kalfa.me/system/products","user_agent":"Mozilla/5.0 (iPhone; CPU iPhone OS 26_2_0 like Mac OS X) AppleWebKit/605.1.15 (KHTML, like Gecko) CriOS/145.0.7632.108 Mobile/15E148 Safari/604.1","timestamp":"2026-03-10T13:39:01.911Z"} 
[2026-03-10 15:39:08] production.WARNING: Alpine Expression Error: undefined is not an object (evaluating '$store.productTree.showStatuses')

Expression: "$store.productTree.showStatuses" null 347 null null   null  {"url":"https://kalfa.me/system/products/1","user_agent":"Mozilla/5.0 (iPhone; CPU iPhone OS 26_2_0 like Mac OS X) AppleWebKit/605.1.15 (KHTML, like Gecko) CriOS/145.0.7632.108 Mobile/15E148 Safari/604.1","timestamp":"2026-03-10T13:39:07.161Z"} 
[2026-03-10 15:39:08] production.WARNING: Alpine Expression Error: undefined is not an object (evaluating '$store.productTree.showIdentifiers')

Expression: "$store.productTree.showIdentifiers" null 350 null null   null  {"url":"https://kalfa.me/system/products/1","user_agent":"Mozilla/5.0 (iPhone; CPU iPhone OS 26_2_0 like Mac OS X) AppleWebKit/605.1.15 (KHTML, like Gecko) CriOS/145.0.7632.108 Mobile/15E148 Safari/604.1","timestamp":"2026-03-10T13:39:07.162Z"} 
[2026-03-10 15:39:08] production.WARNING: Alpine Expression Error: undefined is not an object (evaluating '$store.productTree.showIcons')

Expression: "$store.productTree.showIcons" null 353 null null   null  {"url":"https://kalfa.me/system/products/1","user_agent":"Mozilla/5.0 (iPhone; CPU iPhone OS 26_2_0 like Mac OS X) AppleWebKit/605.1.15 (KHTML, like Gecko) CriOS/145.0.7632.108 Mobile/15E148 Safari/604.1","timestamp":"2026-03-10T13:39:07.162Z"} 
[2026-03-10 15:39:08] production.ERROR: TypeError: undefined is not an object (evaluating '$store.productTree.showStatuses') https://kalfa.me/vendor/livewire/livewire.js?id=8f29b734 1341 19 TypeError undefined is not an object (evaluating '$store.productTree.showStatuses') anonymous@
anonymous@
@https://kalfa.me/vendor/livewire/livewire.js:1421:32
tryCatch@https://kalfa.me/vendor/livewire/livewire.js:1320:22
getValue@https://kalfa.me/vendor/livewire/livewire.js:3656:18
@https://kalfa.me/vendor/livewire/livewire.js:3747:27
reactiveEffect@https://kalfa.me/vendor/livewire/livewire.js:2704:20
effect2@https://kalfa.me/vendor/livewire/livewire.js:2679:14
effect@https://kalfa.me/vendor/livewire/livewire.js:946:41
wrappedEffect@https://kalfa.me/vendor/livewire/livewire.js:962:35
@https://kalfa.me/vendor/livewire/livewire.js:3746:12
flushHandlers@https://kalfa.me/vendor/livewire/livewire.js:1538:48
stopDeferring@https://kalfa.me/vendor/livewire/livewire.js:1543:20
deferHandlingDirectives@https://kalfa.me/vendor/livewire/livewire.js:1546:18
initTree@https://kalfa.me/vendor/livewire/livewire.js:1743:28
@https://kalfa.me/vendor/livewire/livewire.js:1689:15
forEach@[native code]
start@https://kalfa.me/vendor/livewire/livewire.js:1688:104
start2@https://kalfa.me/vendor/livewire/livewire.js:13282:25
@https://kalfa.me/vendor/livewire/livewire.js:15110:22 {"url":"https://kalfa.me/system/products/1","user_agent":"Mozilla/5.0 (iPhone; CPU iPhone OS 26_2_0 like Mac OS X) AppleWebKit/605.1.15 (KHTML, like Gecko) CriOS/145.0.7632.108 Mobile/15E148 Safari/604.1","timestamp":"2026-03-10T13:39:07.175Z"} 
[2026-03-10 15:39:08] production.ERROR: TypeError: undefined is not an object (evaluating '$store.productTree.showStatuses') https://kalfa.me/vendor/livewire/livewire.js?id=8f29b734 1341 19 TypeError undefined is not an object (evaluating '$store.productTree.showStatuses') anonymous@
anonymous@
@https://kalfa.me/vendor/livewire/livewire.js:1421:32
tryCatch@https://kalfa.me/vendor/livewire/livewire.js:1320:22
getValue@https://kalfa.me/vendor/livewire/livewire.js:3656:18
@https://kalfa.me/vendor/livewire/livewire.js:3747:27
reactiveEffect@https://kalfa.me/vendor/livewire/livewire.js:2704:20
effect2@https://kalfa.me/vendor/livewire/livewire.js:2679:14
effect@https://kalfa.me/vendor/livewire/livewire.js:946:41
wrappedEffect@https://kalfa.me/vendor/livewire/livewire.js:962:35
@https://kalfa.me/vendor/livewire/livewire.js:3746:12
flushHandlers@https://kalfa.me/vendor/livewire/livewire.js:1538:48
stopDeferring@https://kalfa.me/vendor/livewire/livewire.js:1543:20
deferHandlingDirectives@https://kalfa.me/vendor/livewire/livewire.js:1546:18
initTree@https://kalfa.me/vendor/livewire/livewire.js:1743:28
@https://kalfa.me/vendor/livewire/livewire.js:1689:15
forEach@[native code]
start@https://kalfa.me/vendor/livewire/livewire.js:1688:104
start2@https://kalfa.me/vendor/livewire/livewire.js:13282:25
@https://kalfa.me/vendor/livewire/livewire.js:15110:22 {"url":"https://kalfa.me/system/products/1","user_agent":"Mozilla/5.0 (iPhone; CPU iPhone OS 26_2_0 like Mac OS X) AppleWebKit/605.1.15 (KHTML, like Gecko) CriOS/145.0.7632.108 Mobile/15E148 Safari/604.1","timestamp":"2026-03-10T13:39:07.175Z"} 
[2026-03-10 15:39:08] production.ERROR: TypeError: undefined is not an object (evaluating '$store.productTree.showIdentifiers') https://kalfa.me/vendor/livewire/livewire.js?id=8f29b734 1341 19 TypeError undefined is not an object (evaluating '$store.productTree.showIdentifiers') anonymous@
anonymous@
@https://kalfa.me/vendor/livewire/livewire.js:1421:32
tryCatch@https://kalfa.me/vendor/livewire/livewire.js:1320:22
getValue@https://kalfa.me/vendor/livewire/livewire.js:3656:18
@https://kalfa.me/vendor/livewire/livewire.js:3747:27
reactiveEffect@https://kalfa.me/vendor/livewire/livewire.js:2704:20
effect2@https://kalfa.me/vendor/livewire/livewire.js:2679:14
effect@https://kalfa.me/vendor/livewire/livewire.js:946:41
wrappedEffect@https://kalfa.me/vendor/livewire/livewire.js:962:35
@https://kalfa.me/vendor/livewire/livewire.js:3746:12
flushHandlers@https://kalfa.me/vendor/livewire/livewire.js:1538:48
stopDeferring@https://kalfa.me/vendor/livewire/livewire.js:1543:20
deferHandlingDirectives@https://kalfa.me/vendor/livewire/livewire.js:1546:18
initTree@https://kalfa.me/vendor/livewire/livewire.js:1743:28
@https://kalfa.me/vendor/livewire/livewire.js:1689:15
forEach@[native code]
start@https://kalfa.me/vendor/livewire/livewire.js:1688:104
start2@https://kalfa.me/vendor/livewire/livewire.js:13282:25
@https://kalfa.me/vendor/livewire/livewire.js:15110:22 {"url":"https://kalfa.me/system/products/1","user_agent":"Mozilla/5.0 (iPhone; CPU iPhone OS 26_2_0 like Mac OS X) AppleWebKit/605.1.15 (KHTML, like Gecko) CriOS/145.0.7632.108 Mobile/15E148 Safari/604.1","timestamp":"2026-03-10T13:39:07.175Z"} 
[2026-03-10 15:39:08] production.ERROR: TypeError: undefined is not an object (evaluating '$store.productTree.showIdentifiers') https://kalfa.me/vendor/livewire/livewire.js?id=8f29b734 1341 19 TypeError undefined is not an object (evaluating '$store.productTree.showIdentifiers') anonymous@
anonymous@
@https://kalfa.me/vendor/livewire/livewire.js:1421:32
tryCatch@https://kalfa.me/vendor/livewire/livewire.js:1320:22
getValue@https://kalfa.me/vendor/livewire/livewire.js:3656:18
@https://kalfa.me/vendor/livewire/livewire.js:3747:27
reactiveEffect@https://kalfa.me/vendor/livewire/livewire.js:2704:20
effect2@https://kalfa.me/vendor/livewire/livewire.js:2679:14
effect@https://kalfa.me/vendor/livewire/livewire.js:946:41
wrappedEffect@https://kalfa.me/vendor/livewire/livewire.js:962:35
@https://kalfa.me/vendor/livewire/livewire.js:3746:12
flushHandlers@https://kalfa.me/vendor/livewire/livewire.js:1538:48
stopDeferring@https://kalfa.me/vendor/livewire/livewire.js:1543:20
deferHandlingDirectives@https://kalfa.me/vendor/livewire/livewire.js:1546:18
initTree@https://kalfa.me/vendor/livewire/livewire.js:1743:28
@https://kalfa.me/vendor/livewire/livewire.js:1689:15
forEach@[native code]
start@https://kalfa.me/vendor/livewire/livewire.js:1688:104
start2@https://kalfa.me/vendor/livewire/livewire.js:13282:25
@https://kalfa.me/vendor/livewire/livewire.js:15110:22 {"url":"https://kalfa.me/system/products/1","user_agent":"Mozilla/5.0 (iPhone; CPU iPhone OS 26_2_0 like Mac OS X) AppleWebKit/605.1.15 (KHTML, like Gecko) CriOS/145.0.7632.108 Mobile/15E148 Safari/604.1","timestamp":"2026-03-10T13:39:07.175Z"} 
[2026-03-10 15:39:08] production.ERROR: TypeError: undefined is not an object (evaluating '$store.productTree.showIcons') https://kalfa.me/vendor/livewire/livewire.js?id=8f29b734 1341 19 TypeError undefined is not an object (evaluating '$store.productTree.showIcons') anonymous@
anonymous@
@https://kalfa.me/vendor/livewire/livewire.js:1421:32
tryCatch@https://kalfa.me/vendor/livewire/livewire.js:1320:22
getValue@https://kalfa.me/vendor/livewire/livewire.js:3656:18
@https://kalfa.me/vendor/livewire/livewire.js:3747:27
reactiveEffect@https://kalfa.me/vendor/livewire/livewire.js:2704:20
effect2@https://kalfa.me/vendor/livewire/livewire.js:2679:14
effect@https://kalfa.me/vendor/livewire/livewire.js:946:41
wrappedEffect@https://kalfa.me/vendor/livewire/livewire.js:962:35
@https://kalfa.me/vendor/livewire/livewire.js:3746:12
flushHandlers@https://kalfa.me/vendor/livewire/livewire.js:1538:48
stopDeferring@https://kalfa.me/vendor/livewire/livewire.js:1543:20
deferHandlingDirectives@https://kalfa.me/vendor/livewire/livewire.js:1546:18
initTree@https://kalfa.me/vendor/livewire/livewire.js:1743:28
@https://kalfa.me/vendor/livewire/livewire.js:1689:15
forEach@[native code]
start@https://kalfa.me/vendor/livewire/livewire.js:1688:104
start2@https://kalfa.me/vendor/livewire/livewire.js:13282:25
@https://kalfa.me/vendor/livewire/livewire.js:15110:22 {"url":"https://kalfa.me/system/products/1","user_agent":"Mozilla/5.0 (iPhone; CPU iPhone OS 26_2_0 like Mac OS X) AppleWebKit/605.1.15 (KHTML, like Gecko) CriOS/145.0.7632.108 Mobile/15E148 Safari/604.1","timestamp":"2026-03-10T13:39:07.176Z"} 
[2026-03-10 15:39:08] production.ERROR: TypeError: undefined is not an object (evaluating '$store.productTree.showIcons') https://kalfa.me/vendor/livewire/livewire.js?id=8f29b734 1341 19 TypeError undefined is not an object (evaluating '$store.productTree.showIcons') anonymous@
anonymous@
@https://kalfa.me/vendor/livewire/livewire.js:1421:32
tryCatch@https://kalfa.me/vendor/livewire/livewire.js:1320:22
getValue@https://kalfa.me/vendor/livewire/livewire.js:3656:18
@https://kalfa.me/vendor/livewire/livewire.js:3747:27
reactiveEffect@https://kalfa.me/vendor/livewire/livewire.js:2704:20
effect2@https://kalfa.me/vendor/livewire/livewire.js:2679:14
effect@https://kalfa.me/vendor/livewire/livewire.js:946:41
wrappedEffect@https://kalfa.me/vendor/livewire/livewire.js:962:35
@https://kalfa.me/vendor/livewire/livewire.js:3746:12
flushHandlers@https://kalfa.me/vendor/livewire/livewire.js:1538:48
stopDeferring@https://kalfa.me/vendor/livewire/livewire.js:1543:20
deferHandlingDirectives@https://kalfa.me/vendor/livewire/livewire.js:1546:18
initTree@https://kalfa.me/vendor/livewire/livewire.js:1743:28
@https://kalfa.me/vendor/livewire/livewire.js:1689:15
forEach@[native code]
start@https://kalfa.me/vendor/livewire/livewire.js:1688:104
start2@https://kalfa.me/vendor/livewire/livewire.js:13282:25
@https://kalfa.me/vendor/livewire/livewire.js:15110:22 {"url":"https://kalfa.me/system/products/1","user_agent":"Mozilla/5.0 (iPhone; CPU iPhone OS 26_2_0 like Mac OS X) AppleWebKit/605.1.15 (KHTML, like Gecko) CriOS/145.0.7632.108 Mobile/15E148 Safari/604.1","timestamp":"2026-03-10T13:39:07.176Z"} 
[2026-03-10 15:39:08] production.DEBUG: Service worker registration succeeded: {"url":"https://kalfa.me/system/products/1","user_agent":"Mozilla/5.0 (iPhone; CPU iPhone OS 26_2_0 like Mac OS X) AppleWebKit/605.1.15 (KHTML, like Gecko) CriOS/145.0.7632.108 Mobile/15E148 Safari/604.1","timestamp":"2026-03-10T13:39:07.179Z"} 
[2026-03-10 16:05:52] production.DEBUG: Service worker registration succeeded: {"url":"https://kalfa.me/system/products/1","user_agent":"Mozilla/5.0 (iPhone; CPU iPhone OS 26_2_0 like Mac OS X) AppleWebKit/605.1.15 (KHTML, like Gecko) CriOS/145.0.7632.108 Mobile/15E148 Safari/604.1","timestamp":"2026-03-10T14:05:51.936Z"} 
[2026-03-10 16:06:37] production.DEBUG: Service worker registration succeeded: {"url":"https://kalfa.me/system/products/1","user_agent":"Mozilla/5.0 (iPhone; CPU iPhone OS 26_2_0 like Mac OS X) AppleWebKit/605.1.15 (KHTML, like Gecko) CriOS/145.0.7632.108 Mobile/15E148 Safari/604.1","timestamp":"2026-03-10T14:06:36.421Z"} 
[2026-03-10 16:15:01] production.DEBUG: Service worker registration succeeded: {"url":"https://kalfa.me/system/products/1","user_agent":"Mozilla/5.0 (iPhone; CPU iPhone OS 26_2_0 like Mac OS X) AppleWebKit/605.1.15 (KHTML, like Gecko) CriOS/145.0.7632.108 Mobile/15E148 Safari/604.1","timestamp":"2026-03-10T14:15:00.410Z"} 
[2026-03-10 16:27:51] production.DEBUG: Service worker registration succeeded: {"url":"https://kalfa.me/system/products/1","user_agent":"Mozilla/5.0 (iPhone; CPU iPhone OS 26_2_0 like Mac OS X) AppleWebKit/605.1.15 (KHTML, like Gecko) CriOS/145.0.7632.108 Mobile/15E148 Safari/604.1","timestamp":"2026-03-10T14:27:50.722Z"} 
[2026-03-10 16:38:50] production.DEBUG: Service worker registration succeeded: {"url":"https://kalfa.me/system/products/1","user_agent":"Mozilla/5.0 (iPhone; CPU iPhone OS 26_2_0 like Mac OS X) AppleWebKit/605.1.15 (KHTML, like Gecko) CriOS/145.0.7632.108 Mobile/15E148 Safari/604.1","timestamp":"2026-03-10T14:38:49.377Z"} 
[2026-03-10 17:50:46] production.DEBUG: Service worker registration succeeded: {"url":"https://kalfa.me/system/products/1","user_agent":"Mozilla/5.0 (iPhone; CPU iPhone OS 26_2_0 like Mac OS X) AppleWebKit/605.1.15 (KHTML, like Gecko) CriOS/145.0.7632.108 Mobile/15E148 Safari/604.1","timestamp":"2026-03-10T15:50:45.226Z"} 
[2026-03-10 17:51:41] production.DEBUG: Service worker registration succeeded: {"url":"https://kalfa.me/system/products/1","user_agent":"Mozilla/5.0 (iPhone; CPU iPhone OS 26_2_0 like Mac OS X) AppleWebKit/605.1.15 (KHTML, like Gecko) CriOS/145.0.7632.108 Mobile/15E148 Safari/604.1","timestamp":"2026-03-10T15:51:40.184Z"} 
[2026-03-10 18:08:36] production.DEBUG: Service worker registration succeeded: {"url":"https://kalfa.me/system/products/1","user_agent":"Mozilla/5.0 (iPhone; CPU iPhone OS 26_2_0 like Mac OS X) AppleWebKit/605.1.15 (KHTML, like Gecko) CriOS/145.0.7632.108 Mobile/15E148 Safari/604.1","timestamp":"2026-03-10T16:08:35.278Z"} 
